<?xml version="1.0" encoding="utf-8"?><testsuites name="pytest tests"><testsuite name="pytest" errors="0" failures="0" skipped="2" tests="20" time="13.092" timestamp="2026-05-26T05:53:10.690388+00:00" hostname="agent-env-09be8d1b-69e4-4288-890c-9951aad2183c"><testcase classname="backend.tests.test_content_apis.TestPublicLists" name="test_articles_list" time="0.441" /><testcase classname="backend.tests.test_content_apis.TestPublicLists" name="test_travel_list" time="0.347" /><testcase classname="backend.tests.test_content_apis.TestPublicLists" name="test_recreation_list" time="0.348" /><testcase classname="backend.tests.test_content_apis.TestPublicLists" name="test_event_tournaments_list" time="0.354" /><testcase classname="backend.tests.test_content_apis.TestPublicDetail" name="test_article_detail" time="0.672" /><testcase classname="backend.tests.test_content_apis.TestPublicDetail" name="test_travel_detail" time="0.697" /><testcase classname="backend.tests.test_content_apis.TestPublicDetail" name="test_recreation_detail" time="0.677" /><testcase classname="backend.tests.test_content_apis.TestPublicDetail" name="test_tournament_detail" time="0.675" /><testcase classname="backend.tests.test_content_apis.TestPublicDetail" name="test_article_detail_404" time="0.346" /><testcase classname="backend.tests.test_content_apis.TestAdminStatus" name="test_admin_status_for_admin" time="0.668" /><testcase classname="backend.tests.test_content_apis.TestAdminStatus" name="test_admin_status_for_player" time="0.384"><skipped type="pytest.skip" message="Player login failed: 401">/app/backend/tests/test_content_apis.py:109: Player login failed: 401</skipped></testcase><testcase classname="backend.tests.test_content_apis.TestAdminStatus" name="test_admin_status_unauth" time="0.102" /><testcase classname="backend.tests.test_content_apis.TestAdminAuthGate" name="test_post_article_without_auth" time="0.103" /><testcase classname="backend.tests.test_content_apis.TestAdminAuthGate" name="test_post_article_as_player" time="0.000"><skipped type="pytest.skip" message="Player login failed: 401">/app/backend/tests/test_content_apis.py:134: Player login failed: 401</skipped></testcase><testcase classname="backend.tests.test_content_apis.TestAdminArticleCRUD" name="test_create_article" time="0.868" /><testcase classname="backend.tests.test_content_apis.TestAdminArticleCRUD" name="test_update_article" time="0.852" /><testcase classname="backend.tests.test_content_apis.TestAdminArticleCRUD" name="test_delete_article" time="0.853" /><testcase classname="backend.tests.test_content_apis.TestOtherAdminCRUD" name="test_travel_crud" time="1.552" /><testcase classname="backend.tests.test_content_apis.TestOtherAdminCRUD" name="test_recreation_crud" time="1.540" /><testcase classname="backend.tests.test_content_apis.TestOtherAdminCRUD" name="test_event_tournament_crud" time="1.543" /></testsuite></testsuites>